#
# There is insufficient memory for the Java Runtime Environment to continue.
# Native memory allocation (malloc) failed to allocate 1048576 bytes for AllocateHeap
# Possible reasons:
#   The system is out of physical RAM or swap space
#   In 32 bit mode, the process size limit was hit
# Possible solutions:
#   Reduce memory load on the system
#   Increase physical memory or swap space
#   Check if swap backing store is full
#   Use 64 bit Java on a 64 bit OS
#   Decrease Java heap size (-Xmx/-Xms)
#   Decrease number of Java threads
#   Decrease Java thread stack sizes (-Xss)
#   Set larger code cache with -XX:ReservedCodeCacheSize=
# This output file may be truncated or incomplete.
#
#  Out of Memory Error (memory/allocation.inline.hpp:61), pid=3284, tid=0x0000000000000978
#
# JRE version:  (8.0_144-b01) (build )
# Java VM: Java HotSpot(TM) 64-Bit Server VM (25.144-b01 mixed mode windows-amd64 compressed oops)
# Failed to write core dump. Minidumps are not enabled by default on client versions of Windows
#

---------------  T H R E A D  ---------------

Current thread (0x0000000002960800):  JavaThread "Unknown thread" [_thread_in_vm, id=2424, stack(0x0000000002860000,0x0000000002960000)]

Stack: [0x0000000002860000,0x0000000002960000]
[error occurred during error reporting (printing stack bounds), id 0xc0000005]

Native frames: (J=compiled Java code, j=interpreted, Vv=VM code, C=native code)


---------------  P R O C E S S  ---------------

Java Threads: ( => current thread )

Other Threads:

=>0x0000000002960800 (exited) JavaThread "Unknown thread" [_thread_in_vm, id=2424, stack(0x0000000002860000,0x0000000002960000)]

VM state:not at safepoint (normal execution)

VM Mutex/Monitor currently owned by a thread: None

Heap:
 PSYoungGen      total 38400K, used 665K [0x00000000d5980000, 0x00000000d8400000, 0x0000000100000000)
  eden space 33280K, 2% used [0x00000000d5980000,0x00000000d5a26670,0x00000000d7a00000)
  from space 5120K, 0% used [0x00000000d7f00000,0x00000000d7f00000,0x00000000d8400000)
  to   space 5120K, 0% used [0x00000000d7a00000,0x00000000d7a00000,0x00000000d7f00000)
 ParOldGen       total 87552K, used 0K [0x0000000080c00000, 0x0000000086180000, 0x00000000d5980000)
  object space 87552K, 0% used [0x0000000080c00000,0x0000000080c00000,0x0000000086180000)
 Metaspace       used 770K, capacity 4480K, committed 4480K, reserved 1056768K
  class space    used 75K, capacity 384K, committed 384K, reserved 1048576K

Card table byte_map: [0x0000000011e20000,0x0000000012220000] byte_map_base: 0x0000000011a1a000

Marking Bits: (ParMarkBitMap*) 0x0000000063f5d850
 Begin Bits: [0x00000000128d0000, 0x00000000148a0000)
 End Bits:   [0x00000000148a0000, 0x0000000016870000)

Polling page: 0x0000000000e70000

CodeCache: size=245760Kb used=328Kb max_used=328Kb free=245431Kb
 bounds [0x0000000002a60000, 0x0000000002cd0000, 0x0000000011a60000]
 total_blobs=58 nmethods=0 adapters=38
 compilation: enabled

Compilation events (0 events):
No events

GC Heap History (0 events):
No events

Deoptimization events (0 events):
No events

Internal exceptions (0 events):
No events

Events (10 events):
Event: 0.029 loading class java/lang/Short
Event: 0.029 loading class java/lang/Short done
Event: 0.029 loading class java/lang/Integer
Event: 0.029 loading class java/lang/Integer done
Event: 0.029 loading class java/lang/Long
Event: 0.029 loading class java/lang/Long done
Event: 0.030 loading class java/lang/NullPointerException
Event: 0.030 loading class java/lang/NullPointerException done
Event: 0.030 loading class java/lang/ArithmeticException
Event: 0.030 loading class java/lang/ArithmeticException done


Dynamic libraries:
0x00007ff782e40000 - 0x00007ff782e77000 	C:\Program Files\Java\jdk1.8.0_144\jre\bin\java.exe
0x00007ffeead30000 - 0x00007ffeeaf02000 	C:\WINDOWS\SYSTEM32\ntdll.dll
0x00007ffee8450000 - 0x00007ffee84fc000 	C:\WINDOWS\System32\KERNEL32.DLL
0x00007ffee7420000 - 0x00007ffee763d000 	C:\WINDOWS\System32\KERNELBASE.dll
0x00007ffee8a10000 - 0x00007ffee8ab2000 	C:\WINDOWS\System32\ADVAPI32.dll
0x00007ffee8ff0000 - 0x00007ffee908e000 	C:\WINDOWS\System32\msvcrt.dll
0x00007ffeea840000 - 0x00007ffeea899000 	C:\WINDOWS\System32\sechost.dll
0x00007ffee9200000 - 0x00007ffee9321000 	C:\WINDOWS\System32\RPCRT4.dll
0x00007ffee9090000 - 0x00007ffee91f5000 	C:\WINDOWS\System32\USER32.dll
0x00007ffee7400000 - 0x00007ffee741e000 	C:\WINDOWS\System32\win32u.dll
0x00007ffee85c0000 - 0x00007ffee85f4000 	C:\WINDOWS\System32\GDI32.dll
0x00007ffee7a60000 - 0x00007ffee7be0000 	C:\WINDOWS\System32\gdi32full.dll
0x00007ffed9680000 - 0x00007ffed98fa000 	C:\WINDOWS\WinSxS\amd64_microsoft.windows.common-controls_6595b64144ccf1df_6.0.14393.953_none_42151e83c686086b\COMCTL32.dll
0x00007ffee8d20000 - 0x00007ffee8fe8000 	C:\WINDOWS\System32\combase.dll
0x00007ffee7290000 - 0x00007ffee7385000 	C:\WINDOWS\System32\ucrtbase.dll
0x00007ffee7390000 - 0x00007ffee73fa000 	C:\WINDOWS\System32\bcryptPrimitives.dll
0x00007ffee8570000 - 0x00007ffee859e000 	C:\WINDOWS\System32\IMM32.DLL
0x0000000063660000 - 0x0000000063732000 	C:\Program Files\Java\jdk1.8.0_144\jre\bin\msvcr100.dll
0x0000000063740000 - 0x0000000063fdd000 	C:\Program Files\Java\jdk1.8.0_144\jre\bin\server\jvm.dll
0x00007ffee82c0000 - 0x00007ffee82c8000 	C:\WINDOWS\System32\PSAPI.DLL
0x00007ffee5300000 - 0x00007ffee5323000 	C:\WINDOWS\SYSTEM32\WINMM.dll
0x00007ffee0de0000 - 0x00007ffee0de9000 	C:\WINDOWS\SYSTEM32\WSOCK32.dll
0x00007ffee38b0000 - 0x00007ffee38ba000 	C:\WINDOWS\SYSTEM32\VERSION.dll
0x00007ffee89a0000 - 0x00007ffee8a0a000 	C:\WINDOWS\System32\WS2_32.dll
0x0000000000ea0000 - 0x0000000000ecb000 	C:\WINDOWS\SYSTEM32\WINMMBASE.dll
0x00007ffee7a10000 - 0x00007ffee7a52000 	C:\WINDOWS\System32\cfgmgr32.dll
0x0000000063610000 - 0x000000006361f000 	C:\Program Files\Java\jdk1.8.0_144\jre\bin\verify.dll
0x00000000635e0000 - 0x0000000063609000 	C:\Program Files\Java\jdk1.8.0_144\jre\bin\java.dll
0x00000000635c0000 - 0x00000000635d6000 	C:\Program Files\Java\jdk1.8.0_144\jre\bin\zip.dll

VM Arguments:
java_command: C:\Dev\NetBeansProjects\Vezba3\target\surefire\surefirebooter2078462926757786537.jar C:\Dev\NetBeansProjects\Vezba3\target\surefire\surefire5798779770191235381tmp C:\Dev\NetBeansProjects\Vezba3\target\surefire\surefire2217907865510937054tmp
java_class_path (initial): C:\Dev\NetBeansProjects\Vezba3\target\surefire\surefirebooter2078462926757786537.jar
Launcher Type: SUN_STANDARD

Environment Variables:
JAVA_HOME=C:\Program Files\Java\jdk1.8.0_144
PATH=C:\ProgramData\Oracle\Java\javapath;C:\WINDOWS\system32;C:\WINDOWS;C:\WINDOWS\System32\Wbem;C:\WINDOWS\System32\WindowsPowerShell\v1.0\;C:\Dev\Git\cmd;C:\Dev\nodejs\;C:\Users\Nikola\AppData\Local\Microsoft\WindowsApps;F:\Veselin;C:\Dev\Microsoft VS Code\bin;C:\Users\Nikola\AppData\Roaming\npm
USERNAME=Nikola
OS=Windows_NT
PROCESSOR_IDENTIFIER=Intel64 Family 6 Model 58 Stepping 9, GenuineIntel



---------------  S Y S T E M  ---------------

OS: Windows 10.0 , 64 bit Build 14393 (10.0.14393.1198)

CPU:total 4 (initial active 4) (4 cores per cpu, 1 threads per core) family 6 model 58 stepping 9, cmov, cx8, fxsr, mmx, sse, sse2, sse3, ssse3, sse4.1, sse4.2, popcnt, avx, aes, clmul, erms, tsc, tscinvbit, tscinv

Memory: 4k page, physical 8331452k(268364k free), swap 8331452k(5312k free)

vm_info: Java HotSpot(TM) 64-Bit Server VM (25.144-b01) for windows-amd64 JRE (1.8.0_144-b01), built on Jul 21 2017 21:57:33 by "java_re" with MS VC++ 10.0 (VS2010)

time: Mon Aug 14 00:13:27 2017
elapsed time: 0 seconds (0d 0h 0m 0s)

